[debug] [2025-01-01T22:10:14.626Z] ----------------------------------------------------------------------
[debug] [2025-01-01T22:10:14.628Z] Command:       /opt/homebrew/Cellar/node@22/22.12.0/bin/node /opt/homebrew/bin/firebase emulators:start --only functions
[debug] [2025-01-01T22:10:14.628Z] CLI Version:   13.29.1
[debug] [2025-01-01T22:10:14.628Z] Platform:      darwin
[debug] [2025-01-01T22:10:14.628Z] Node Version:  v22.12.0
[debug] [2025-01-01T22:10:14.628Z] Time:          Wed Jan 01 2025 23:10:14 GMT+0100 (West Africa Standard Time)
[debug] [2025-01-01T22:10:14.628Z] ----------------------------------------------------------------------
[debug] 
[debug] [2025-01-01T22:10:14.666Z] > command requires scopes: ["email","openid","https://www.googleapis.com/auth/cloudplatformprojects.readonly","https://www.googleapis.com/auth/firebase","https://www.googleapis.com/auth/cloud-platform"]
[debug] [2025-01-01T22:10:14.667Z] > authorizing via signed-in user (aonuada5@gmail.com)
[info] i  emulators: Starting emulators: functions {"metadata":{"emulator":{"name":"hub"},"message":"Starting emulators: functions"}}
[debug] [2025-01-01T22:10:14.894Z] [logging] Logging Emulator only supports listening on one address (127.0.0.1). Not listening on ::1
[debug] [2025-01-01T22:10:14.894Z] assigned listening specs for emulators {"user":{"hub":[{"address":"127.0.0.1","family":"IPv4","port":4400},{"address":"::1","family":"IPv6","port":4400}],"ui":[{"address":"127.0.0.1","family":"IPv4","port":4000},{"address":"::1","family":"IPv6","port":4000}],"logging":[{"address":"127.0.0.1","family":"IPv4","port":4500}]},"metadata":{"message":"assigned listening specs for emulators"}}
[debug] [2025-01-01T22:10:14.896Z] [hub] writing locator at /var/folders/0k/djpdv2s50w181dxt17y0x1m40000gn/T/hub-upscale-ai-5fcd4.json
[debug] [2025-01-01T22:10:14.902Z] Checked if tokens are valid: true, expires at: 1735770350542
[debug] [2025-01-01T22:10:14.903Z] Checked if tokens are valid: true, expires at: 1735770350542
[debug] [2025-01-01T22:10:14.903Z] >>> [apiv2][query] GET https://firebase.googleapis.com/v1beta1/projects/upscale-ai-5fcd4 [none]
[debug] [2025-01-01T22:10:16.092Z] <<< [apiv2][status] GET https://firebase.googleapis.com/v1beta1/projects/upscale-ai-5fcd4 200
[debug] [2025-01-01T22:10:16.093Z] <<< [apiv2][body] GET https://firebase.googleapis.com/v1beta1/projects/upscale-ai-5fcd4 {"projectId":"upscale-ai-5fcd4","projectNumber":"332367927671","displayName":"upscale-ai","name":"projects/upscale-ai-5fcd4","resources":{"hostingSite":"upscale-ai-5fcd4"},"state":"ACTIVE","etag":"1_bd71ecb3-cb62-4cb0-ade2-7a9857ac0cc7"}
[debug] [2025-01-01T22:10:16.327Z] [functions] Functions Emulator only supports listening on one address (127.0.0.1). Not listening on ::1
[debug] [2025-01-01T22:10:16.327Z] [eventarc] Eventarc Emulator only supports listening on one address (127.0.0.1). Not listening on ::1
[debug] [2025-01-01T22:10:16.327Z] [tasks] Cloud Tasks Emulator only supports listening on one address (127.0.0.1). Not listening on ::1
[debug] [2025-01-01T22:10:16.327Z] late-assigned ports for functions and eventarc emulators {"user":{"hub":[{"address":"127.0.0.1","family":"IPv4","port":4400},{"address":"::1","family":"IPv6","port":4400}],"ui":[{"address":"127.0.0.1","family":"IPv4","port":4000},{"address":"::1","family":"IPv6","port":4000}],"logging":[{"address":"127.0.0.1","family":"IPv4","port":4500}],"functions":[{"address":"127.0.0.1","family":"IPv4","port":5001}],"eventarc":[{"address":"127.0.0.1","family":"IPv4","port":9299}],"tasks":[{"address":"127.0.0.1","family":"IPv4","port":9499}]},"metadata":{"message":"late-assigned ports for functions and eventarc emulators"}}
[warn] ⚠  functions: The following emulators are not running, calls to these services from the Functions emulator will affect production: apphosting, auth, firestore, database, hosting, pubsub, storage, dataconnect {"metadata":{"emulator":{"name":"functions"},"message":"The following emulators are not running, calls to these services from the Functions emulator will affect production: \u001b[1mapphosting, auth, firestore, database, hosting, pubsub, storage, dataconnect\u001b[22m"}}
[debug] [2025-01-01T22:10:16.328Z] defaultcredentials: writing to file /Users/alfredonuada/.config/firebase/aonuada5_gmail_com_application_default_credentials.json
[debug] [2025-01-01T22:10:16.330Z] Setting GAC to /Users/alfredonuada/.config/firebase/aonuada5_gmail_com_application_default_credentials.json {"metadata":{"emulator":{"name":"functions"},"message":"Setting GAC to /Users/alfredonuada/.config/firebase/aonuada5_gmail_com_application_default_credentials.json"}}
[debug] [2025-01-01T22:10:16.330Z] Checked if tokens are valid: true, expires at: 1735770350542
[debug] [2025-01-01T22:10:16.330Z] Checked if tokens are valid: true, expires at: 1735770350542
[debug] [2025-01-01T22:10:16.330Z] >>> [apiv2][query] GET https://firebase.googleapis.com/v1beta1/projects/upscale-ai-5fcd4/adminSdkConfig [none]
[debug] [2025-01-01T22:10:16.739Z] <<< [apiv2][status] GET https://firebase.googleapis.com/v1beta1/projects/upscale-ai-5fcd4/adminSdkConfig 200
[debug] [2025-01-01T22:10:16.739Z] <<< [apiv2][body] GET https://firebase.googleapis.com/v1beta1/projects/upscale-ai-5fcd4/adminSdkConfig {"projectId":"upscale-ai-5fcd4","storageBucket":"upscale-ai-5fcd4.firebasestorage.app"}
[info] i  functions: Watching "/Users/alfredonuada/Documents/portfolio/pending_projects/Germany_Plan_€25k/upscale-ai/functions" for Cloud Functions... {"metadata":{"emulator":{"name":"functions"},"message":"Watching \"/Users/alfredonuada/Documents/portfolio/pending_projects/Germany_Plan_€25k/upscale-ai/functions\" for Cloud Functions..."}}
[debug] [2025-01-01T22:10:16.774Z] Validating nodejs source
[debug] [2025-01-01T22:10:17.300Z] > [functions] package.json contents: {
  "name": "functions",
  "scripts": {
    "lint": "eslint --ext .js,.ts .",
    "build": "tsc",
    "build:watch": "tsc --watch",
    "serve": "npm run build && firebase emulators:start --only functions",
    "shell": "npm run build && firebase functions:shell",
    "start": "npm run shell",
    "deploy": "firebase deploy --only functions",
    "logs": "firebase functions:log"
  },
  "engines": {
    "node": "22"
  },
  "main": "lib/index.js",
  "dependencies": {
    "cors": "^2.8.5",
    "express": "^4.21.2",
    "firebase-admin": "^12.6.0",
    "firebase-functions": "^6.0.1",
    "socket.io": "^4.8.1"
  },
  "devDependencies": {
    "@typescript-eslint/eslint-plugin": "^5.12.0",
    "@typescript-eslint/parser": "^5.12.0",
    "eslint": "^8.9.0",
    "eslint-config-google": "^0.14.0",
    "eslint-plugin-import": "^2.25.4",
    "firebase-functions-test": "^3.1.0",
    "typescript": "^5.7.2"
  },
  "private": true
}
[debug] [2025-01-01T22:10:17.300Z] Building nodejs source
[debug] [2025-01-01T22:10:17.301Z] Failed to find version of module node: reached end of search path /Users/alfredonuada/Documents/portfolio/pending_projects/Germany_Plan_€25k/upscale-ai/functions/node_modules
[info] ✔  functions: Using node@22 from host. 
[info] i  functions: Loaded environment variables from .env. 
[debug] [2025-01-01T22:10:17.302Z] Could not find functions.yaml. Must use http discovery
[debug] [2025-01-01T22:10:17.304Z] Found firebase-functions binary at '/Users/alfredonuada/Documents/portfolio/pending_projects/Germany_Plan_€25k/upscale-ai/functions/node_modules/.bin/firebase-functions'
[info] Serving at port 8664

[debug] [2025-01-01T22:10:17.463Z] Got response from /__/functions.yaml {"endpoints":{"upscaleImage":{"availableMemoryMb":null,"timeoutSeconds":null,"minInstances":null,"maxInstances":null,"ingressSettings":null,"concurrency":null,"serviceAccountEmail":null,"vpc":null,"platform":"gcfv2","labels":{},"httpsTrigger":{},"entryPoint":"upscaleImage"}},"specVersion":"v1alpha1","requiredAPIs":[],"extensions":{}}
[debug] [2025-01-01T22:10:18.321Z] File /Users/alfredonuada/Documents/portfolio/pending_projects/Germany_Plan_€25k/upscale-ai/functions/src/index.ts changed, reloading triggers {"metadata":{"emulator":{"name":"functions"},"message":"File /Users/alfredonuada/Documents/portfolio/pending_projects/Germany_Plan_€25k/upscale-ai/functions/src/index.ts changed, reloading triggers"}}
[debug] [2025-01-01T22:10:18.623Z] File /Users/alfredonuada/Documents/portfolio/pending_projects/Germany_Plan_€25k/upscale-ai/functions/lib/index.js.map changed, reloading triggers {"metadata":{"emulator":{"name":"functions"},"message":"File /Users/alfredonuada/Documents/portfolio/pending_projects/Germany_Plan_€25k/upscale-ai/functions/lib/index.js.map changed, reloading triggers"}}
[debug] [2025-01-01T22:10:18.623Z] File /Users/alfredonuada/Documents/portfolio/pending_projects/Germany_Plan_€25k/upscale-ai/functions/lib/index.js changed, reloading triggers {"metadata":{"emulator":{"name":"functions"},"message":"File /Users/alfredonuada/Documents/portfolio/pending_projects/Germany_Plan_€25k/upscale-ai/functions/lib/index.js changed, reloading triggers"}}
[debug] [2025-01-01T22:10:19.626Z] Validating nodejs source
[debug] [2025-01-01T22:10:20.153Z] > [functions] package.json contents: {
  "name": "functions",
  "scripts": {
    "lint": "eslint --ext .js,.ts .",
    "build": "tsc",
    "build:watch": "tsc --watch",
    "serve": "npm run build && firebase emulators:start --only functions",
    "shell": "npm run build && firebase functions:shell",
    "start": "npm run shell",
    "deploy": "firebase deploy --only functions",
    "logs": "firebase functions:log"
  },
  "engines": {
    "node": "22"
  },
  "main": "lib/index.js",
  "dependencies": {
    "cors": "^2.8.5",
    "express": "^4.21.2",
    "firebase-admin": "^12.6.0",
    "firebase-functions": "^6.0.1",
    "socket.io": "^4.8.1"
  },
  "devDependencies": {
    "@typescript-eslint/eslint-plugin": "^5.12.0",
    "@typescript-eslint/parser": "^5.12.0",
    "eslint": "^8.9.0",
    "eslint-config-google": "^0.14.0",
    "eslint-plugin-import": "^2.25.4",
    "firebase-functions-test": "^3.1.0",
    "typescript": "^5.7.2"
  },
  "private": true
}
[debug] [2025-01-01T22:10:20.154Z] Building nodejs source
[debug] [2025-01-01T22:10:20.154Z] Failed to find version of module node: reached end of search path /Users/alfredonuada/Documents/portfolio/pending_projects/Germany_Plan_€25k/upscale-ai/functions/node_modules
[info] ✔  functions: Using node@22 from host. 
[info] i  functions: Loaded environment variables from .env. 
[debug] [2025-01-01T22:10:20.155Z] Could not find functions.yaml. Must use http discovery
[debug] [2025-01-01T22:10:20.156Z] Found firebase-functions binary at '/Users/alfredonuada/Documents/portfolio/pending_projects/Germany_Plan_€25k/upscale-ai/functions/node_modules/.bin/firebase-functions'
[info] Serving at port 8645

[debug] [2025-01-01T22:10:20.319Z] Got response from /__/functions.yaml {"endpoints":{"upscaleImage":{"availableMemoryMb":null,"timeoutSeconds":null,"minInstances":null,"maxInstances":null,"ingressSettings":null,"concurrency":null,"serviceAccountEmail":null,"vpc":null,"platform":"gcfv2","labels":{},"httpsTrigger":{},"entryPoint":"upscaleImage"}},"specVersion":"v1alpha1","requiredAPIs":[],"extensions":{}}
[info] ✔  functions: Loaded functions definitions from source: upscaleImage. {"metadata":{"emulator":{"name":"functions"},"message":"Loaded functions definitions from source: upscaleImage."}}
[info] ✔  functions[us-central1-upscaleImage]: http function initialized (http://127.0.0.1:5001/upscale-ai-5fcd4/us-central1/upscaleImage). {"metadata":{"emulator":{"name":"functions"},"message":"\u001b[1mhttp\u001b[22m function initialized (http://127.0.0.1:5001/upscale-ai-5fcd4/us-central1/upscaleImage)."}}
[debug] [2025-01-01T22:10:21.491Z] Could not find VSCode notification endpoint: FetchError: request to http://localhost:40001/vscode/notify failed, reason: . If you are not running the Firebase Data Connect VSCode extension, this is expected and not an issue.
[info] 
┌─────────────────────────────────────────────────────────────┐
│ ✔  All emulators ready! It is now safe to connect your app. │
│ i  View Emulator UI at http://127.0.0.1:4000/               │
└─────────────────────────────────────────────────────────────┘

┌───────────┬────────────────┬─────────────────────────────────┐
│ Emulator  │ Host:Port      │ View in Emulator UI             │
├───────────┼────────────────┼─────────────────────────────────┤
│ Functions │ 127.0.0.1:5001 │ http://127.0.0.1:4000/functions │
└───────────┴────────────────┴─────────────────────────────────┘
  Emulator Hub running at 127.0.0.1:4400
  Other reserved ports: 4500

Issues? Report them at https://github.com/firebase/firebase-tools/issues and attach the *-debug.log files.
 
[info] ✔  functions: Loaded functions definitions from source: upscaleImage. {"metadata":{"emulator":{"name":"functions"},"message":"Loaded functions definitions from source: upscaleImage."}}
[debug] [2025-01-01T22:10:50.544Z] [work-queue] {"queuedWork":["/upscale-ai-5fcd4/us-central1/upscaleImage-2025-01-01T22:10:50.544Z"],"queueLength":1,"runningWork":[],"workRunningCount":0}
[debug] [2025-01-01T22:10:50.545Z] [work-queue] {"queuedWork":[],"queueLength":0,"runningWork":["/upscale-ai-5fcd4/us-central1/upscaleImage-2025-01-01T22:10:50.544Z"],"workRunningCount":1}
[debug] [2025-01-01T22:10:50.545Z] Accepted request GET /upscale-ai-5fcd4/us-central1/upscaleImage --> us-central1-upscaleImage
[debug] [2025-01-01T22:10:50.548Z] [functions] Runtime ready! Sending request! {"metadata":{"emulator":{"name":"functions"},"message":"[functions] Runtime ready! Sending request!"}}
[debug] [2025-01-01T22:10:50.548Z] [functions] Got req.url=/upscale-ai-5fcd4/us-central1/upscaleImage, mapping to path=/ {"metadata":{"emulator":{"name":"functions"},"message":"[functions] Got req.url=/upscale-ai-5fcd4/us-central1/upscaleImage, mapping to path=/"}}
[info] i  functions: Loaded environment variables from .env. 
[debug] [2025-01-01T22:10:50.553Z] [worker-pool] addWorker(us-central1-upscaleImage) {"metadata":{"emulator":{"name":"functions"},"message":"[worker-pool] addWorker(us-central1-upscaleImage)"}}
[debug] [2025-01-01T22:10:50.553Z] [worker-pool] Adding worker with key us-central1-upscaleImage, total=1 {"metadata":{"emulator":{"name":"functions"},"message":"[worker-pool] Adding worker with key us-central1-upscaleImage, total=1"}}
[info] >  (node:17607) [DEP0040] DeprecationWarning: The `punycode` module is deprecated. Please use a userland alternative instead. {"user":"(node:17607) [DEP0040] DeprecationWarning: The `punycode` module is deprecated. Please use a userland alternative instead.","metadata":{"emulator":{"name":"functions"},"function":{"name":"us-central1-upscaleImage"},"extension":{},"message":"\u001b[90m> \u001b[39m (node:17607) [DEP0040] DeprecationWarning: The `punycode` module is deprecated. Please use a userland alternative instead."}}
[info] >  (Use `node --trace-deprecation ...` to show where the warning was created) {"user":"(Use `node --trace-deprecation ...` to show where the warning was created)","metadata":{"emulator":{"name":"functions"},"function":{"name":"us-central1-upscaleImage"},"extension":{},"message":"\u001b[90m> \u001b[39m (Use `node --trace-deprecation ...` to show where the warning was created)"}}
[debug] [2025-01-01T22:10:50.970Z] [runtime-status] [17607] Resolved module firebase-admin {"declared":true,"installed":true,"version":"12.7.0","resolution":"/Users/alfredonuada/Documents/portfolio/pending_projects/Germany_Plan_€25k/upscale-ai/functions/node_modules/firebase-admin/lib/index.js"} {"metadata":{"emulator":{"name":"functions"},"function":{"name":"us-central1-upscaleImage"},"extension":{},"message":"[runtime-status] [17607] Resolved module firebase-admin {\"declared\":true,\"installed\":true,\"version\":\"12.7.0\",\"resolution\":\"/Users/alfredonuada/Documents/portfolio/pending_projects/Germany_Plan_€25k/upscale-ai/functions/node_modules/firebase-admin/lib/index.js\"}"}}
[debug] [2025-01-01T22:10:50.971Z] [runtime-status] [17607] Resolved module firebase-functions {"declared":true,"installed":true,"version":"6.2.0","resolution":"/Users/alfredonuada/Documents/portfolio/pending_projects/Germany_Plan_€25k/upscale-ai/functions/node_modules/firebase-functions/lib/v2/index.js"} {"metadata":{"emulator":{"name":"functions"},"function":{"name":"us-central1-upscaleImage"},"extension":{},"message":"[runtime-status] [17607] Resolved module firebase-functions {\"declared\":true,\"installed\":true,\"version\":\"6.2.0\",\"resolution\":\"/Users/alfredonuada/Documents/portfolio/pending_projects/Germany_Plan_€25k/upscale-ai/functions/node_modules/firebase-functions/lib/v2/index.js\"}"}}
[debug] [2025-01-01T22:10:50.971Z] [runtime-status] [17607] Outgoing network have been stubbed. [{"name":"http","status":"mocked"},{"name":"http","status":"mocked"},{"name":"https","status":"mocked"},{"name":"https","status":"mocked"},{"name":"net","status":"mocked"}] {"metadata":{"emulator":{"name":"functions"},"function":{"name":"us-central1-upscaleImage"},"extension":{},"message":"[runtime-status] [17607] Outgoing network have been stubbed. [{\"name\":\"http\",\"status\":\"mocked\"},{\"name\":\"http\",\"status\":\"mocked\"},{\"name\":\"https\",\"status\":\"mocked\"},{\"name\":\"https\",\"status\":\"mocked\"},{\"name\":\"net\",\"status\":\"mocked\"}]"}}
[debug] [2025-01-01T22:10:50.971Z] [runtime-status] [17607] Resolved module firebase-functions {"declared":true,"installed":true,"version":"6.2.0","resolution":"/Users/alfredonuada/Documents/portfolio/pending_projects/Germany_Plan_€25k/upscale-ai/functions/node_modules/firebase-functions/lib/v2/index.js"} {"metadata":{"emulator":{"name":"functions"},"function":{"name":"us-central1-upscaleImage"},"extension":{},"message":"[runtime-status] [17607] Resolved module firebase-functions {\"declared\":true,\"installed\":true,\"version\":\"6.2.0\",\"resolution\":\"/Users/alfredonuada/Documents/portfolio/pending_projects/Germany_Plan_€25k/upscale-ai/functions/node_modules/firebase-functions/lib/v2/index.js\"}"}}
[debug] [2025-01-01T22:10:51.070Z] [runtime-status] [17607] Checked functions.config() {"config":{}} {"metadata":{"emulator":{"name":"functions"},"function":{"name":"us-central1-upscaleImage"},"extension":{},"message":"[runtime-status] [17607] Checked functions.config() {\"config\":{}}"}}
[debug] [2025-01-01T22:10:51.070Z] [runtime-status] [17607] firebase-functions has been stubbed. {"functionsResolution":{"declared":true,"installed":true,"version":"6.2.0","resolution":"/Users/alfredonuada/Documents/portfolio/pending_projects/Germany_Plan_€25k/upscale-ai/functions/node_modules/firebase-functions/lib/v2/index.js"}} {"metadata":{"emulator":{"name":"functions"},"function":{"name":"us-central1-upscaleImage"},"extension":{},"message":"[runtime-status] [17607] firebase-functions has been stubbed. {\"functionsResolution\":{\"declared\":true,\"installed\":true,\"version\":\"6.2.0\",\"resolution\":\"/Users/alfredonuada/Documents/portfolio/pending_projects/Germany_Plan_€25k/upscale-ai/functions/node_modules/firebase-functions/lib/v2/index.js\"}}"}}
[debug] [2025-01-01T22:10:51.070Z] [runtime-status] [17607] Resolved module firebase-functions {"declared":true,"installed":true,"version":"6.2.0","resolution":"/Users/alfredonuada/Documents/portfolio/pending_projects/Germany_Plan_€25k/upscale-ai/functions/node_modules/firebase-functions/lib/v2/index.js"} {"metadata":{"emulator":{"name":"functions"},"function":{"name":"us-central1-upscaleImage"},"extension":{},"message":"[runtime-status] [17607] Resolved module firebase-functions {\"declared\":true,\"installed\":true,\"version\":\"6.2.0\",\"resolution\":\"/Users/alfredonuada/Documents/portfolio/pending_projects/Germany_Plan_€25k/upscale-ai/functions/node_modules/firebase-functions/lib/v2/index.js\"}"}}
[debug] [2025-01-01T22:10:51.071Z] [runtime-status] [17607] Resolved module firebase-admin {"declared":true,"installed":true,"version":"12.7.0","resolution":"/Users/alfredonuada/Documents/portfolio/pending_projects/Germany_Plan_€25k/upscale-ai/functions/node_modules/firebase-admin/lib/index.js"} {"metadata":{"emulator":{"name":"functions"},"function":{"name":"us-central1-upscaleImage"},"extension":{},"message":"[runtime-status] [17607] Resolved module firebase-admin {\"declared\":true,\"installed\":true,\"version\":\"12.7.0\",\"resolution\":\"/Users/alfredonuada/Documents/portfolio/pending_projects/Germany_Plan_€25k/upscale-ai/functions/node_modules/firebase-admin/lib/index.js\"}"}}
[debug] [2025-01-01T22:10:51.072Z] [runtime-status] [17607] Resolved module firebase-functions {"declared":true,"installed":true,"version":"6.2.0","resolution":"/Users/alfredonuada/Documents/portfolio/pending_projects/Germany_Plan_€25k/upscale-ai/functions/node_modules/firebase-functions/lib/v2/index.js"} {"metadata":{"emulator":{"name":"functions"},"function":{"name":"us-central1-upscaleImage"},"extension":{},"message":"[runtime-status] [17607] Resolved module firebase-functions {\"declared\":true,\"installed\":true,\"version\":\"6.2.0\",\"resolution\":\"/Users/alfredonuada/Documents/portfolio/pending_projects/Germany_Plan_€25k/upscale-ai/functions/node_modules/firebase-functions/lib/v2/index.js\"}"}}
[debug] [2025-01-01T22:10:51.072Z] [runtime-status] [17607] firebase-admin has been stubbed. {"adminResolution":{"declared":true,"installed":true,"version":"12.7.0","resolution":"/Users/alfredonuada/Documents/portfolio/pending_projects/Germany_Plan_€25k/upscale-ai/functions/node_modules/firebase-admin/lib/index.js"}} {"metadata":{"emulator":{"name":"functions"},"function":{"name":"us-central1-upscaleImage"},"extension":{},"message":"[runtime-status] [17607] firebase-admin has been stubbed. {\"adminResolution\":{\"declared\":true,\"installed\":true,\"version\":\"12.7.0\",\"resolution\":\"/Users/alfredonuada/Documents/portfolio/pending_projects/Germany_Plan_€25k/upscale-ai/functions/node_modules/firebase-admin/lib/index.js\"}}"}}
[debug] [2025-01-01T22:10:51.117Z] [runtime-status] [17607] Functions runtime initialized. {"cwd":"/Users/alfredonuada/Documents/portfolio/pending_projects/Germany_Plan_€25k/upscale-ai/functions","node_version":"22.12.0"} {"metadata":{"emulator":{"name":"functions"},"function":{"name":"us-central1-upscaleImage"},"extension":{},"message":"[runtime-status] [17607] Functions runtime initialized. {\"cwd\":\"/Users/alfredonuada/Documents/portfolio/pending_projects/Germany_Plan_€25k/upscale-ai/functions\",\"node_version\":\"22.12.0\"}"}}
[debug] [2025-01-01T22:10:51.117Z] [runtime-status] [17607] Listening to port: /var/folders/0k/djpdv2s50w181dxt17y0x1m40000gn/T/fire_emu_1105ee69869925aa.sock {"metadata":{"emulator":{"name":"functions"},"function":{"name":"us-central1-upscaleImage"},"extension":{},"message":"[runtime-status] [17607] Listening to port: /var/folders/0k/djpdv2s50w181dxt17y0x1m40000gn/T/fire_emu_1105ee69869925aa.sock"}}
[debug] [2025-01-01T22:10:51.165Z] [worker-us-central1-upscaleImage-8b547c26-98bd-4bf0-b444-8a9dcbecfddb]: IDLE {"metadata":{"emulator":{"name":"functions"},"function":{"name":"us-central1-upscaleImage"},"extension":{},"message":"[worker-us-central1-upscaleImage-8b547c26-98bd-4bf0-b444-8a9dcbecfddb]: IDLE"}}
[debug] [2025-01-01T22:10:51.166Z] [worker-pool] submitRequest(triggerId=us-central1-upscaleImage) {"metadata":{"emulator":{"name":"functions"},"message":"[worker-pool] submitRequest(triggerId=us-central1-upscaleImage)"}}
[info] i  functions: Beginning execution of "us-central1-upscaleImage" {"metadata":{"emulator":{"name":"functions"},"function":{"name":"us-central1-upscaleImage"},"extension":{},"message":"Beginning execution of \"us-central1-upscaleImage\""}}
[debug] [2025-01-01T22:10:51.166Z] [worker-us-central1-upscaleImage-8b547c26-98bd-4bf0-b444-8a9dcbecfddb]: BUSY {"metadata":{"emulator":{"name":"functions"},"function":{"name":"us-central1-upscaleImage"},"extension":{},"message":"[worker-us-central1-upscaleImage-8b547c26-98bd-4bf0-b444-8a9dcbecfddb]: BUSY"}}
[info] >  {"severity":"INFO","message":"HTTP request received at /upscaleImage"} {"user":{"severity":"INFO","message":"HTTP request received at /upscaleImage"},"metadata":{"emulator":{"name":"functions"},"function":{"name":"us-central1-upscaleImage"},"extension":{},"message":"\u001b[90m> \u001b[39m {\"severity\":\"INFO\",\"message\":\"HTTP request received at /upscaleImage\"}"}}
[debug] [2025-01-01T22:10:51.169Z] Finishing up request with event=pause {"metadata":{"emulator":{"name":"functions"},"function":{"name":"us-central1-upscaleImage"},"extension":{},"message":"Finishing up request with event=pause"}}
[info] i  functions: Finished "us-central1-upscaleImage" in 3.692708ms {"metadata":{"emulator":{"name":"functions"},"function":{"name":"us-central1-upscaleImage"},"extension":{},"message":"Finished \"us-central1-upscaleImage\" in 3.692708ms"}}
[debug] [2025-01-01T22:10:51.170Z] [worker-us-central1-upscaleImage-8b547c26-98bd-4bf0-b444-8a9dcbecfddb]: IDLE {"metadata":{"emulator":{"name":"functions"},"function":{"name":"us-central1-upscaleImage"},"extension":{},"message":"[worker-us-central1-upscaleImage-8b547c26-98bd-4bf0-b444-8a9dcbecfddb]: IDLE"}}
[debug] [2025-01-01T22:10:51.170Z] Finishing up request with event=finish {"metadata":{"emulator":{"name":"functions"},"function":{"name":"us-central1-upscaleImage"},"extension":{},"message":"Finishing up request with event=finish"}}
[debug] [2025-01-01T22:10:51.170Z] Finishing up request with event=close {"metadata":{"emulator":{"name":"functions"},"function":{"name":"us-central1-upscaleImage"},"extension":{},"message":"Finishing up request with event=close"}}
[debug] [2025-01-01T22:10:51.170Z] [work-queue] {"queuedWork":[],"queueLength":0,"runningWork":[],"workRunningCount":0}
[info] >  {"severity":"INFO","message":"Socket.IO server listening on port 3000"} {"user":{"severity":"INFO","message":"Socket.IO server listening on port 3000"},"metadata":{"emulator":{"name":"functions"},"function":{"name":"us-central1-upscaleImage"},"extension":{},"message":"\u001b[90m> \u001b[39m {\"severity\":\"INFO\",\"message\":\"Socket.IO server listening on port 3000\"}"}}
[info] >  {"severity":"INFO","message":"Client disconnected"} {"user":{"severity":"INFO","message":"Client disconnected"},"metadata":{"emulator":{"name":"functions"},"function":{"name":"us-central1-upscaleImage"},"extension":{},"message":"\u001b[90m> \u001b[39m {\"severity\":\"INFO\",\"message\":\"Client disconnected\"}"}}
[debug] [2025-01-01T22:11:03.552Z] [work-queue] {"queuedWork":["/upscale-ai-5fcd4/us-central1/upscaleImage-2025-01-01T22:11:03.552Z"],"queueLength":1,"runningWork":[],"workRunningCount":0}
[debug] [2025-01-01T22:11:03.552Z] [work-queue] {"queuedWork":[],"queueLength":0,"runningWork":["/upscale-ai-5fcd4/us-central1/upscaleImage-2025-01-01T22:11:03.552Z"],"workRunningCount":1}
[debug] [2025-01-01T22:11:03.552Z] Accepted request GET /upscale-ai-5fcd4/us-central1/upscaleImage --> us-central1-upscaleImage
[debug] [2025-01-01T22:11:03.552Z] [functions] Runtime ready! Sending request! {"metadata":{"emulator":{"name":"functions"},"message":"[functions] Runtime ready! Sending request!"}}
[debug] [2025-01-01T22:11:03.552Z] [functions] Got req.url=/upscale-ai-5fcd4/us-central1/upscaleImage, mapping to path=/ {"metadata":{"emulator":{"name":"functions"},"message":"[functions] Got req.url=/upscale-ai-5fcd4/us-central1/upscaleImage, mapping to path=/"}}
[debug] [2025-01-01T22:11:03.552Z] [worker-pool] submitRequest(triggerId=us-central1-upscaleImage) {"metadata":{"emulator":{"name":"functions"},"message":"[worker-pool] submitRequest(triggerId=us-central1-upscaleImage)"}}
[info] i  functions: Beginning execution of "us-central1-upscaleImage" {"metadata":{"emulator":{"name":"functions"},"function":{"name":"us-central1-upscaleImage"},"extension":{},"message":"Beginning execution of \"us-central1-upscaleImage\""}}
[debug] [2025-01-01T22:11:03.553Z] [worker-us-central1-upscaleImage-8b547c26-98bd-4bf0-b444-8a9dcbecfddb]: BUSY {"metadata":{"emulator":{"name":"functions"},"function":{"name":"us-central1-upscaleImage"},"extension":{},"message":"[worker-us-central1-upscaleImage-8b547c26-98bd-4bf0-b444-8a9dcbecfddb]: BUSY"}}
[info] >  {"severity":"INFO","message":"HTTP request received at /upscaleImage"} {"user":{"severity":"INFO","message":"HTTP request received at /upscaleImage"},"metadata":{"emulator":{"name":"functions"},"function":{"name":"us-central1-upscaleImage"},"extension":{},"message":"\u001b[90m> \u001b[39m {\"severity\":\"INFO\",\"message\":\"HTTP request received at /upscaleImage\"}"}}
[debug] [2025-01-01T22:11:03.560Z] Finishing up request with event=pause {"metadata":{"emulator":{"name":"functions"},"function":{"name":"us-central1-upscaleImage"},"extension":{},"message":"Finishing up request with event=pause"}}
[info] i  functions: Finished "us-central1-upscaleImage" in 7.06ms {"metadata":{"emulator":{"name":"functions"},"function":{"name":"us-central1-upscaleImage"},"extension":{},"message":"Finished \"us-central1-upscaleImage\" in 7.06ms"}}
[debug] [2025-01-01T22:11:03.560Z] [worker-us-central1-upscaleImage-8b547c26-98bd-4bf0-b444-8a9dcbecfddb]: IDLE {"metadata":{"emulator":{"name":"functions"},"function":{"name":"us-central1-upscaleImage"},"extension":{},"message":"[worker-us-central1-upscaleImage-8b547c26-98bd-4bf0-b444-8a9dcbecfddb]: IDLE"}}
[debug] [2025-01-01T22:11:03.560Z] Finishing up request with event=finish {"metadata":{"emulator":{"name":"functions"},"function":{"name":"us-central1-upscaleImage"},"extension":{},"message":"Finishing up request with event=finish"}}
[debug] [2025-01-01T22:11:03.560Z] Finishing up request with event=close {"metadata":{"emulator":{"name":"functions"},"function":{"name":"us-central1-upscaleImage"},"extension":{},"message":"Finishing up request with event=close"}}
[debug] [2025-01-01T22:11:03.560Z] [work-queue] {"queuedWork":[],"queueLength":0,"runningWork":[],"workRunningCount":0}
[debug] [2025-01-01T22:11:40.243Z] File /Users/alfredonuada/Documents/portfolio/pending_projects/Germany_Plan_€25k/upscale-ai/functions/src/index.ts changed, reloading triggers {"metadata":{"emulator":{"name":"functions"},"message":"File /Users/alfredonuada/Documents/portfolio/pending_projects/Germany_Plan_€25k/upscale-ai/functions/src/index.ts changed, reloading triggers"}}
[debug] [2025-01-01T22:11:40.546Z] File /Users/alfredonuada/Documents/portfolio/pending_projects/Germany_Plan_€25k/upscale-ai/functions/lib/index.js.map changed, reloading triggers {"metadata":{"emulator":{"name":"functions"},"message":"File /Users/alfredonuada/Documents/portfolio/pending_projects/Germany_Plan_€25k/upscale-ai/functions/lib/index.js.map changed, reloading triggers"}}
[debug] [2025-01-01T22:11:40.546Z] File /Users/alfredonuada/Documents/portfolio/pending_projects/Germany_Plan_€25k/upscale-ai/functions/lib/index.js changed, reloading triggers {"metadata":{"emulator":{"name":"functions"},"message":"File /Users/alfredonuada/Documents/portfolio/pending_projects/Germany_Plan_€25k/upscale-ai/functions/lib/index.js changed, reloading triggers"}}
[debug] [2025-01-01T22:11:41.549Z] Validating nodejs source
[debug] [2025-01-01T22:11:42.040Z] > [functions] package.json contents: {
  "name": "functions",
  "scripts": {
    "lint": "eslint --ext .js,.ts .",
    "build": "tsc",
    "build:watch": "tsc --watch",
    "serve": "npm run build && firebase emulators:start --only functions",
    "shell": "npm run build && firebase functions:shell",
    "start": "npm run shell",
    "deploy": "firebase deploy --only functions",
    "logs": "firebase functions:log"
  },
  "engines": {
    "node": "22"
  },
  "main": "lib/index.js",
  "dependencies": {
    "cors": "^2.8.5",
    "express": "^4.21.2",
    "firebase-admin": "^12.6.0",
    "firebase-functions": "^6.0.1",
    "socket.io": "^4.8.1"
  },
  "devDependencies": {
    "@typescript-eslint/eslint-plugin": "^5.12.0",
    "@typescript-eslint/parser": "^5.12.0",
    "eslint": "^8.9.0",
    "eslint-config-google": "^0.14.0",
    "eslint-plugin-import": "^2.25.4",
    "firebase-functions-test": "^3.1.0",
    "typescript": "^5.7.2"
  },
  "private": true
}
[debug] [2025-01-01T22:11:42.040Z] Building nodejs source
[debug] [2025-01-01T22:11:42.040Z] Failed to find version of module node: reached end of search path /Users/alfredonuada/Documents/portfolio/pending_projects/Germany_Plan_€25k/upscale-ai/functions/node_modules
[info] ✔  functions: Using node@22 from host. 
[info] i  functions: Loaded environment variables from .env. 
[debug] [2025-01-01T22:11:42.041Z] Could not find functions.yaml. Must use http discovery
[debug] [2025-01-01T22:11:42.041Z] Found firebase-functions binary at '/Users/alfredonuada/Documents/portfolio/pending_projects/Germany_Plan_€25k/upscale-ai/functions/node_modules/.bin/firebase-functions'
[info] Serving at port 8489

[debug] [2025-01-01T22:11:42.197Z] Got response from /__/functions.yaml {"endpoints":{"upscaleImage":{"availableMemoryMb":null,"timeoutSeconds":null,"minInstances":null,"maxInstances":null,"ingressSettings":null,"concurrency":null,"serviceAccountEmail":null,"vpc":null,"platform":"gcfv2","labels":{},"httpsTrigger":{},"entryPoint":"upscaleImage"}},"specVersion":"v1alpha1","requiredAPIs":[],"extensions":{}}
[info] ✔  functions: Loaded functions definitions from source: upscaleImage. {"metadata":{"emulator":{"name":"functions"},"message":"Loaded functions definitions from source: upscaleImage."}}
[debug] [2025-01-01T22:11:46.206Z] [worker-pool] Shutting down IDLE worker (us-central1-upscaleImage) {"metadata":{"emulator":{"name":"functions"},"message":"[worker-pool] Shutting down IDLE worker (us-central1-upscaleImage)"}}
[debug] [2025-01-01T22:11:46.207Z] [worker-us-central1-upscaleImage-8b547c26-98bd-4bf0-b444-8a9dcbecfddb]: FINISHING {"metadata":{"emulator":{"name":"functions"},"function":{"name":"us-central1-upscaleImage"},"extension":{},"message":"[worker-us-central1-upscaleImage-8b547c26-98bd-4bf0-b444-8a9dcbecfddb]: FINISHING"}}
[debug] [2025-01-01T22:11:46.211Z] [worker-us-central1-upscaleImage-8b547c26-98bd-4bf0-b444-8a9dcbecfddb]: exited {"metadata":{"emulator":{"name":"functions"},"function":{"name":"us-central1-upscaleImage"},"extension":{},"message":"[worker-us-central1-upscaleImage-8b547c26-98bd-4bf0-b444-8a9dcbecfddb]: exited"}}
[debug] [2025-01-01T22:11:46.212Z] [worker-us-central1-upscaleImage-8b547c26-98bd-4bf0-b444-8a9dcbecfddb]: FINISHED {"metadata":{"emulator":{"name":"functions"},"function":{"name":"us-central1-upscaleImage"},"extension":{},"message":"[worker-us-central1-upscaleImage-8b547c26-98bd-4bf0-b444-8a9dcbecfddb]: FINISHED"}}
[debug] [2025-01-01T22:13:32.309Z] File /Users/alfredonuada/Documents/portfolio/pending_projects/Germany_Plan_€25k/upscale-ai/functions/src/index.ts changed, reloading triggers {"metadata":{"emulator":{"name":"functions"},"message":"File /Users/alfredonuada/Documents/portfolio/pending_projects/Germany_Plan_€25k/upscale-ai/functions/src/index.ts changed, reloading triggers"}}
[debug] [2025-01-01T22:13:32.712Z] File /Users/alfredonuada/Documents/portfolio/pending_projects/Germany_Plan_€25k/upscale-ai/functions/lib/index.js changed, reloading triggers {"metadata":{"emulator":{"name":"functions"},"message":"File /Users/alfredonuada/Documents/portfolio/pending_projects/Germany_Plan_€25k/upscale-ai/functions/lib/index.js changed, reloading triggers"}}
[debug] [2025-01-01T22:13:32.713Z] File /Users/alfredonuada/Documents/portfolio/pending_projects/Germany_Plan_€25k/upscale-ai/functions/lib/index.js.map changed, reloading triggers {"metadata":{"emulator":{"name":"functions"},"message":"File /Users/alfredonuada/Documents/portfolio/pending_projects/Germany_Plan_€25k/upscale-ai/functions/lib/index.js.map changed, reloading triggers"}}
[debug] [2025-01-01T22:13:33.714Z] Validating nodejs source
[debug] [2025-01-01T22:13:34.375Z] > [functions] package.json contents: {
  "name": "functions",
  "scripts": {
    "lint": "eslint --ext .js,.ts .",
    "build": "tsc",
    "build:watch": "tsc --watch",
    "serve": "npm run build && firebase emulators:start --only functions",
    "shell": "npm run build && firebase functions:shell",
    "start": "npm run shell",
    "deploy": "firebase deploy --only functions",
    "logs": "firebase functions:log"
  },
  "engines": {
    "node": "22"
  },
  "main": "lib/index.js",
  "dependencies": {
    "cors": "^2.8.5",
    "express": "^4.21.2",
    "firebase-admin": "^12.6.0",
    "firebase-functions": "^6.0.1",
    "socket.io": "^4.8.1"
  },
  "devDependencies": {
    "@typescript-eslint/eslint-plugin": "^5.12.0",
    "@typescript-eslint/parser": "^5.12.0",
    "eslint": "^8.9.0",
    "eslint-config-google": "^0.14.0",
    "eslint-plugin-import": "^2.25.4",
    "firebase-functions-test": "^3.1.0",
    "typescript": "^5.7.2"
  },
  "private": true
}
[debug] [2025-01-01T22:13:34.375Z] Building nodejs source
[debug] [2025-01-01T22:13:34.375Z] Failed to find version of module node: reached end of search path /Users/alfredonuada/Documents/portfolio/pending_projects/Germany_Plan_€25k/upscale-ai/functions/node_modules
[info] ✔  functions: Using node@22 from host. 
[info] i  functions: Loaded environment variables from .env. 
[debug] [2025-01-01T22:13:34.377Z] Could not find functions.yaml. Must use http discovery
[debug] [2025-01-01T22:13:34.378Z] Found firebase-functions binary at '/Users/alfredonuada/Documents/portfolio/pending_projects/Germany_Plan_€25k/upscale-ai/functions/node_modules/.bin/firebase-functions'
[info] Serving at port 8410

[debug] [2025-01-01T22:13:34.603Z] Got response from /__/functions.yaml {"endpoints":{"upscaleImage":{"availableMemoryMb":null,"timeoutSeconds":null,"minInstances":null,"maxInstances":null,"ingressSettings":null,"concurrency":null,"serviceAccountEmail":null,"vpc":null,"platform":"gcfv2","labels":{},"httpsTrigger":{},"entryPoint":"upscaleImage"}},"specVersion":"v1alpha1","requiredAPIs":[],"extensions":{}}
[debug] [2025-01-01T22:13:34.779Z] File /Users/alfredonuada/Documents/portfolio/pending_projects/Germany_Plan_€25k/upscale-ai/functions/src/index.ts changed, reloading triggers {"metadata":{"emulator":{"name":"functions"},"message":"File /Users/alfredonuada/Documents/portfolio/pending_projects/Germany_Plan_€25k/upscale-ai/functions/src/index.ts changed, reloading triggers"}}
[debug] [2025-01-01T22:13:35.784Z] Validating nodejs source
[debug] [2025-01-01T22:13:36.295Z] > [functions] package.json contents: {
  "name": "functions",
  "scripts": {
    "lint": "eslint --ext .js,.ts .",
    "build": "tsc",
    "build:watch": "tsc --watch",
    "serve": "npm run build && firebase emulators:start --only functions",
    "shell": "npm run build && firebase functions:shell",
    "start": "npm run shell",
    "deploy": "firebase deploy --only functions",
    "logs": "firebase functions:log"
  },
  "engines": {
    "node": "22"
  },
  "main": "lib/index.js",
  "dependencies": {
    "cors": "^2.8.5",
    "express": "^4.21.2",
    "firebase-admin": "^12.6.0",
    "firebase-functions": "^6.0.1",
    "socket.io": "^4.8.1"
  },
  "devDependencies": {
    "@typescript-eslint/eslint-plugin": "^5.12.0",
    "@typescript-eslint/parser": "^5.12.0",
    "eslint": "^8.9.0",
    "eslint-config-google": "^0.14.0",
    "eslint-plugin-import": "^2.25.4",
    "firebase-functions-test": "^3.1.0",
    "typescript": "^5.7.2"
  },
  "private": true
}
[debug] [2025-01-01T22:13:36.295Z] Building nodejs source
[debug] [2025-01-01T22:13:36.295Z] Failed to find version of module node: reached end of search path /Users/alfredonuada/Documents/portfolio/pending_projects/Germany_Plan_€25k/upscale-ai/functions/node_modules
[info] ✔  functions: Using node@22 from host. 
[info] i  functions: Loaded environment variables from .env. 
[debug] [2025-01-01T22:13:36.295Z] Could not find functions.yaml. Must use http discovery
[debug] [2025-01-01T22:13:36.296Z] Found firebase-functions binary at '/Users/alfredonuada/Documents/portfolio/pending_projects/Germany_Plan_€25k/upscale-ai/functions/node_modules/.bin/firebase-functions'
[info] Serving at port 8667

[debug] [2025-01-01T22:13:36.525Z] Got response from /__/functions.yaml {"endpoints":{"upscaleImage":{"availableMemoryMb":null,"timeoutSeconds":null,"minInstances":null,"maxInstances":null,"ingressSettings":null,"concurrency":null,"serviceAccountEmail":null,"vpc":null,"platform":"gcfv2","labels":{},"httpsTrigger":{},"entryPoint":"upscaleImage"}},"specVersion":"v1alpha1","requiredAPIs":[],"extensions":{}}
[info] ✔  functions: Loaded functions definitions from source: upscaleImage. {"metadata":{"emulator":{"name":"functions"},"message":"Loaded functions definitions from source: upscaleImage."}}
[info] ✔  functions: Loaded functions definitions from source: upscaleImage. {"metadata":{"emulator":{"name":"functions"},"message":"Loaded functions definitions from source: upscaleImage."}}
[debug] [2025-01-01T22:13:53.569Z] [work-queue] {"queuedWork":["/upscale-ai-5fcd4/us-central1/upscaleImage-2025-01-01T22:13:53.569Z"],"queueLength":1,"runningWork":[],"workRunningCount":0}
[debug] [2025-01-01T22:13:53.569Z] [work-queue] {"queuedWork":[],"queueLength":0,"runningWork":["/upscale-ai-5fcd4/us-central1/upscaleImage-2025-01-01T22:13:53.569Z"],"workRunningCount":1}
[debug] [2025-01-01T22:13:53.569Z] Accepted request GET /upscale-ai-5fcd4/us-central1/upscaleImage --> us-central1-upscaleImage
[debug] [2025-01-01T22:13:53.569Z] [functions] Runtime ready! Sending request! {"metadata":{"emulator":{"name":"functions"},"message":"[functions] Runtime ready! Sending request!"}}
[debug] [2025-01-01T22:13:53.569Z] [functions] Got req.url=/upscale-ai-5fcd4/us-central1/upscaleImage, mapping to path=/ {"metadata":{"emulator":{"name":"functions"},"message":"[functions] Got req.url=/upscale-ai-5fcd4/us-central1/upscaleImage, mapping to path=/"}}
[debug] [2025-01-01T22:13:53.569Z] [worker-pool] Cleaned up workers for us-central1-upscaleImage: 1 --> 0 {"metadata":{"emulator":{"name":"functions"},"message":"[worker-pool] Cleaned up workers for us-central1-upscaleImage: 1 --> 0"}}
[info] i  functions: Loaded environment variables from .env. 
[debug] [2025-01-01T22:13:53.577Z] [worker-pool] addWorker(us-central1-upscaleImage) {"metadata":{"emulator":{"name":"functions"},"message":"[worker-pool] addWorker(us-central1-upscaleImage)"}}
[debug] [2025-01-01T22:13:53.581Z] [worker-pool] Adding worker with key us-central1-upscaleImage, total=1 {"metadata":{"emulator":{"name":"functions"},"message":"[worker-pool] Adding worker with key us-central1-upscaleImage, total=1"}}
[info] >  (node:17850) [DEP0040] DeprecationWarning: The `punycode` module is deprecated. Please use a userland alternative instead. {"user":"(node:17850) [DEP0040] DeprecationWarning: The `punycode` module is deprecated. Please use a userland alternative instead.","metadata":{"emulator":{"name":"functions"},"function":{"name":"us-central1-upscaleImage"},"extension":{},"message":"\u001b[90m> \u001b[39m (node:17850) [DEP0040] DeprecationWarning: The `punycode` module is deprecated. Please use a userland alternative instead."}}
[info] >  (Use `node --trace-deprecation ...` to show where the warning was created) {"user":"(Use `node --trace-deprecation ...` to show where the warning was created)","metadata":{"emulator":{"name":"functions"},"function":{"name":"us-central1-upscaleImage"},"extension":{},"message":"\u001b[90m> \u001b[39m (Use `node --trace-deprecation ...` to show where the warning was created)"}}
[debug] [2025-01-01T22:13:54.316Z] [runtime-status] [17850] Resolved module firebase-admin {"declared":true,"installed":true,"version":"12.7.0","resolution":"/Users/alfredonuada/Documents/portfolio/pending_projects/Germany_Plan_€25k/upscale-ai/functions/node_modules/firebase-admin/lib/index.js"} {"metadata":{"emulator":{"name":"functions"},"function":{"name":"us-central1-upscaleImage"},"extension":{},"message":"[runtime-status] [17850] Resolved module firebase-admin {\"declared\":true,\"installed\":true,\"version\":\"12.7.0\",\"resolution\":\"/Users/alfredonuada/Documents/portfolio/pending_projects/Germany_Plan_€25k/upscale-ai/functions/node_modules/firebase-admin/lib/index.js\"}"}}
[debug] [2025-01-01T22:13:54.317Z] [runtime-status] [17850] Resolved module firebase-functions {"declared":true,"installed":true,"version":"6.2.0","resolution":"/Users/alfredonuada/Documents/portfolio/pending_projects/Germany_Plan_€25k/upscale-ai/functions/node_modules/firebase-functions/lib/v2/index.js"} {"metadata":{"emulator":{"name":"functions"},"function":{"name":"us-central1-upscaleImage"},"extension":{},"message":"[runtime-status] [17850] Resolved module firebase-functions {\"declared\":true,\"installed\":true,\"version\":\"6.2.0\",\"resolution\":\"/Users/alfredonuada/Documents/portfolio/pending_projects/Germany_Plan_€25k/upscale-ai/functions/node_modules/firebase-functions/lib/v2/index.js\"}"}}
[debug] [2025-01-01T22:13:54.317Z] [runtime-status] [17850] Outgoing network have been stubbed. [{"name":"http","status":"mocked"},{"name":"http","status":"mocked"},{"name":"https","status":"mocked"},{"name":"https","status":"mocked"},{"name":"net","status":"mocked"}] {"metadata":{"emulator":{"name":"functions"},"function":{"name":"us-central1-upscaleImage"},"extension":{},"message":"[runtime-status] [17850] Outgoing network have been stubbed. [{\"name\":\"http\",\"status\":\"mocked\"},{\"name\":\"http\",\"status\":\"mocked\"},{\"name\":\"https\",\"status\":\"mocked\"},{\"name\":\"https\",\"status\":\"mocked\"},{\"name\":\"net\",\"status\":\"mocked\"}]"}}
[debug] [2025-01-01T22:13:54.317Z] [runtime-status] [17850] Resolved module firebase-functions {"declared":true,"installed":true,"version":"6.2.0","resolution":"/Users/alfredonuada/Documents/portfolio/pending_projects/Germany_Plan_€25k/upscale-ai/functions/node_modules/firebase-functions/lib/v2/index.js"} {"metadata":{"emulator":{"name":"functions"},"function":{"name":"us-central1-upscaleImage"},"extension":{},"message":"[runtime-status] [17850] Resolved module firebase-functions {\"declared\":true,\"installed\":true,\"version\":\"6.2.0\",\"resolution\":\"/Users/alfredonuada/Documents/portfolio/pending_projects/Germany_Plan_€25k/upscale-ai/functions/node_modules/firebase-functions/lib/v2/index.js\"}"}}
[debug] [2025-01-01T22:13:54.465Z] [runtime-status] [17850] Checked functions.config() {"config":{}} {"metadata":{"emulator":{"name":"functions"},"function":{"name":"us-central1-upscaleImage"},"extension":{},"message":"[runtime-status] [17850] Checked functions.config() {\"config\":{}}"}}
[debug] [2025-01-01T22:13:54.466Z] [runtime-status] [17850] firebase-functions has been stubbed. {"functionsResolution":{"declared":true,"installed":true,"version":"6.2.0","resolution":"/Users/alfredonuada/Documents/portfolio/pending_projects/Germany_Plan_€25k/upscale-ai/functions/node_modules/firebase-functions/lib/v2/index.js"}} {"metadata":{"emulator":{"name":"functions"},"function":{"name":"us-central1-upscaleImage"},"extension":{},"message":"[runtime-status] [17850] firebase-functions has been stubbed. {\"functionsResolution\":{\"declared\":true,\"installed\":true,\"version\":\"6.2.0\",\"resolution\":\"/Users/alfredonuada/Documents/portfolio/pending_projects/Germany_Plan_€25k/upscale-ai/functions/node_modules/firebase-functions/lib/v2/index.js\"}}"}}
[debug] [2025-01-01T22:13:54.466Z] [runtime-status] [17850] Resolved module firebase-functions {"declared":true,"installed":true,"version":"6.2.0","resolution":"/Users/alfredonuada/Documents/portfolio/pending_projects/Germany_Plan_€25k/upscale-ai/functions/node_modules/firebase-functions/lib/v2/index.js"} {"metadata":{"emulator":{"name":"functions"},"function":{"name":"us-central1-upscaleImage"},"extension":{},"message":"[runtime-status] [17850] Resolved module firebase-functions {\"declared\":true,\"installed\":true,\"version\":\"6.2.0\",\"resolution\":\"/Users/alfredonuada/Documents/portfolio/pending_projects/Germany_Plan_€25k/upscale-ai/functions/node_modules/firebase-functions/lib/v2/index.js\"}"}}
[debug] [2025-01-01T22:13:54.467Z] [runtime-status] [17850] Resolved module firebase-admin {"declared":true,"installed":true,"version":"12.7.0","resolution":"/Users/alfredonuada/Documents/portfolio/pending_projects/Germany_Plan_€25k/upscale-ai/functions/node_modules/firebase-admin/lib/index.js"} {"metadata":{"emulator":{"name":"functions"},"function":{"name":"us-central1-upscaleImage"},"extension":{},"message":"[runtime-status] [17850] Resolved module firebase-admin {\"declared\":true,\"installed\":true,\"version\":\"12.7.0\",\"resolution\":\"/Users/alfredonuada/Documents/portfolio/pending_projects/Germany_Plan_€25k/upscale-ai/functions/node_modules/firebase-admin/lib/index.js\"}"}}
[debug] [2025-01-01T22:13:54.468Z] [runtime-status] [17850] Resolved module firebase-functions {"declared":true,"installed":true,"version":"6.2.0","resolution":"/Users/alfredonuada/Documents/portfolio/pending_projects/Germany_Plan_€25k/upscale-ai/functions/node_modules/firebase-functions/lib/v2/index.js"} {"metadata":{"emulator":{"name":"functions"},"function":{"name":"us-central1-upscaleImage"},"extension":{},"message":"[runtime-status] [17850] Resolved module firebase-functions {\"declared\":true,\"installed\":true,\"version\":\"6.2.0\",\"resolution\":\"/Users/alfredonuada/Documents/portfolio/pending_projects/Germany_Plan_€25k/upscale-ai/functions/node_modules/firebase-functions/lib/v2/index.js\"}"}}
[debug] [2025-01-01T22:13:54.468Z] [runtime-status] [17850] firebase-admin has been stubbed. {"adminResolution":{"declared":true,"installed":true,"version":"12.7.0","resolution":"/Users/alfredonuada/Documents/portfolio/pending_projects/Germany_Plan_€25k/upscale-ai/functions/node_modules/firebase-admin/lib/index.js"}} {"metadata":{"emulator":{"name":"functions"},"function":{"name":"us-central1-upscaleImage"},"extension":{},"message":"[runtime-status] [17850] firebase-admin has been stubbed. {\"adminResolution\":{\"declared\":true,\"installed\":true,\"version\":\"12.7.0\",\"resolution\":\"/Users/alfredonuada/Documents/portfolio/pending_projects/Germany_Plan_€25k/upscale-ai/functions/node_modules/firebase-admin/lib/index.js\"}}"}}
[debug] [2025-01-01T22:13:54.536Z] [runtime-status] [17850] Functions runtime initialized. {"cwd":"/Users/alfredonuada/Documents/portfolio/pending_projects/Germany_Plan_€25k/upscale-ai/functions","node_version":"22.12.0"} {"metadata":{"emulator":{"name":"functions"},"function":{"name":"us-central1-upscaleImage"},"extension":{},"message":"[runtime-status] [17850] Functions runtime initialized. {\"cwd\":\"/Users/alfredonuada/Documents/portfolio/pending_projects/Germany_Plan_€25k/upscale-ai/functions\",\"node_version\":\"22.12.0\"}"}}
[debug] [2025-01-01T22:13:54.536Z] [runtime-status] [17850] Listening to port: /var/folders/0k/djpdv2s50w181dxt17y0x1m40000gn/T/fire_emu_d8afabf28eaf615e.sock {"metadata":{"emulator":{"name":"functions"},"function":{"name":"us-central1-upscaleImage"},"extension":{},"message":"[runtime-status] [17850] Listening to port: /var/folders/0k/djpdv2s50w181dxt17y0x1m40000gn/T/fire_emu_d8afabf28eaf615e.sock"}}
[debug] [2025-01-01T22:13:54.599Z] [worker-us-central1-upscaleImage-891a5279-2427-4a0b-bf5b-c46c1e912d1a]: IDLE {"metadata":{"emulator":{"name":"functions"},"function":{"name":"us-central1-upscaleImage"},"extension":{},"message":"[worker-us-central1-upscaleImage-891a5279-2427-4a0b-bf5b-c46c1e912d1a]: IDLE"}}
[debug] [2025-01-01T22:13:54.600Z] [worker-pool] submitRequest(triggerId=us-central1-upscaleImage) {"metadata":{"emulator":{"name":"functions"},"message":"[worker-pool] submitRequest(triggerId=us-central1-upscaleImage)"}}
[info] i  functions: Beginning execution of "us-central1-upscaleImage" {"metadata":{"emulator":{"name":"functions"},"function":{"name":"us-central1-upscaleImage"},"extension":{},"message":"Beginning execution of \"us-central1-upscaleImage\""}}
[debug] [2025-01-01T22:13:54.600Z] [worker-us-central1-upscaleImage-891a5279-2427-4a0b-bf5b-c46c1e912d1a]: BUSY {"metadata":{"emulator":{"name":"functions"},"function":{"name":"us-central1-upscaleImage"},"extension":{},"message":"[worker-us-central1-upscaleImage-891a5279-2427-4a0b-bf5b-c46c1e912d1a]: BUSY"}}
[info] >  {"severity":"INFO","message":"HTTP request received at /upscaleImage"} {"user":{"severity":"INFO","message":"HTTP request received at /upscaleImage"},"metadata":{"emulator":{"name":"functions"},"function":{"name":"us-central1-upscaleImage"},"extension":{},"message":"\u001b[90m> \u001b[39m {\"severity\":\"INFO\",\"message\":\"HTTP request received at /upscaleImage\"}"}}
[debug] [2025-01-01T22:13:54.602Z] Finishing up request with event=pause {"metadata":{"emulator":{"name":"functions"},"function":{"name":"us-central1-upscaleImage"},"extension":{},"message":"Finishing up request with event=pause"}}
[info] i  functions: Finished "us-central1-upscaleImage" in 2.740917ms {"metadata":{"emulator":{"name":"functions"},"function":{"name":"us-central1-upscaleImage"},"extension":{},"message":"Finished \"us-central1-upscaleImage\" in 2.740917ms"}}
[debug] [2025-01-01T22:13:54.603Z] [worker-us-central1-upscaleImage-891a5279-2427-4a0b-bf5b-c46c1e912d1a]: IDLE {"metadata":{"emulator":{"name":"functions"},"function":{"name":"us-central1-upscaleImage"},"extension":{},"message":"[worker-us-central1-upscaleImage-891a5279-2427-4a0b-bf5b-c46c1e912d1a]: IDLE"}}
[debug] [2025-01-01T22:13:54.603Z] Finishing up request with event=finish {"metadata":{"emulator":{"name":"functions"},"function":{"name":"us-central1-upscaleImage"},"extension":{},"message":"Finishing up request with event=finish"}}
[debug] [2025-01-01T22:13:54.603Z] Finishing up request with event=close {"metadata":{"emulator":{"name":"functions"},"function":{"name":"us-central1-upscaleImage"},"extension":{},"message":"Finishing up request with event=close"}}
[debug] [2025-01-01T22:13:54.603Z] [work-queue] {"queuedWork":[],"queueLength":0,"runningWork":[],"workRunningCount":0}
[info] >  {"severity":"INFO","message":"Socket.IO server listening on port 3000"} {"user":{"severity":"INFO","message":"Socket.IO server listening on port 3000"},"metadata":{"emulator":{"name":"functions"},"function":{"name":"us-central1-upscaleImage"},"extension":{},"message":"\u001b[90m> \u001b[39m {\"severity\":\"INFO\",\"message\":\"Socket.IO server listening on port 3000\"}"}}
[info] >  {"severity":"INFO","message":"Client disconnected"} {"user":{"severity":"INFO","message":"Client disconnected"},"metadata":{"emulator":{"name":"functions"},"function":{"name":"us-central1-upscaleImage"},"extension":{},"message":"\u001b[90m> \u001b[39m {\"severity\":\"INFO\",\"message\":\"Client disconnected\"}"}}
[info] >  {"severity":"INFO","message":"Client disconnected"} {"user":{"severity":"INFO","message":"Client disconnected"},"metadata":{"emulator":{"name":"functions"},"function":{"name":"us-central1-upscaleImage"},"extension":{},"message":"\u001b[90m> \u001b[39m {\"severity\":\"INFO\",\"message\":\"Client disconnected\"}"}}
[debug] [2025-01-01T22:15:13.953Z] [work-queue] {"queuedWork":["/upscale-ai-5fcd4/us-central1/upscaleImage-2025-01-01T22:15:13.953Z"],"queueLength":1,"runningWork":[],"workRunningCount":0}
[debug] [2025-01-01T22:15:13.953Z] [work-queue] {"queuedWork":[],"queueLength":0,"runningWork":["/upscale-ai-5fcd4/us-central1/upscaleImage-2025-01-01T22:15:13.953Z"],"workRunningCount":1}
[debug] [2025-01-01T22:15:13.953Z] Accepted request GET /upscale-ai-5fcd4/us-central1/upscaleImage --> us-central1-upscaleImage
[debug] [2025-01-01T22:15:13.953Z] [functions] Runtime ready! Sending request! {"metadata":{"emulator":{"name":"functions"},"message":"[functions] Runtime ready! Sending request!"}}
[debug] [2025-01-01T22:15:13.954Z] [functions] Got req.url=/upscale-ai-5fcd4/us-central1/upscaleImage, mapping to path=/ {"metadata":{"emulator":{"name":"functions"},"message":"[functions] Got req.url=/upscale-ai-5fcd4/us-central1/upscaleImage, mapping to path=/"}}
[debug] [2025-01-01T22:15:13.954Z] [worker-pool] submitRequest(triggerId=us-central1-upscaleImage) {"metadata":{"emulator":{"name":"functions"},"message":"[worker-pool] submitRequest(triggerId=us-central1-upscaleImage)"}}
[info] i  functions: Beginning execution of "us-central1-upscaleImage" {"metadata":{"emulator":{"name":"functions"},"function":{"name":"us-central1-upscaleImage"},"extension":{},"message":"Beginning execution of \"us-central1-upscaleImage\""}}
[debug] [2025-01-01T22:15:13.954Z] [worker-us-central1-upscaleImage-891a5279-2427-4a0b-bf5b-c46c1e912d1a]: BUSY {"metadata":{"emulator":{"name":"functions"},"function":{"name":"us-central1-upscaleImage"},"extension":{},"message":"[worker-us-central1-upscaleImage-891a5279-2427-4a0b-bf5b-c46c1e912d1a]: BUSY"}}
[info] >  {"severity":"INFO","message":"HTTP request received at /upscaleImage"} {"user":{"severity":"INFO","message":"HTTP request received at /upscaleImage"},"metadata":{"emulator":{"name":"functions"},"function":{"name":"us-central1-upscaleImage"},"extension":{},"message":"\u001b[90m> \u001b[39m {\"severity\":\"INFO\",\"message\":\"HTTP request received at /upscaleImage\"}"}}
[debug] [2025-01-01T22:15:13.956Z] Finishing up request with event=pause {"metadata":{"emulator":{"name":"functions"},"function":{"name":"us-central1-upscaleImage"},"extension":{},"message":"Finishing up request with event=pause"}}
[info] i  functions: Finished "us-central1-upscaleImage" in 2.358291ms {"metadata":{"emulator":{"name":"functions"},"function":{"name":"us-central1-upscaleImage"},"extension":{},"message":"Finished \"us-central1-upscaleImage\" in 2.358291ms"}}
[debug] [2025-01-01T22:15:13.957Z] [worker-us-central1-upscaleImage-891a5279-2427-4a0b-bf5b-c46c1e912d1a]: IDLE {"metadata":{"emulator":{"name":"functions"},"function":{"name":"us-central1-upscaleImage"},"extension":{},"message":"[worker-us-central1-upscaleImage-891a5279-2427-4a0b-bf5b-c46c1e912d1a]: IDLE"}}
[debug] [2025-01-01T22:15:13.957Z] Finishing up request with event=finish {"metadata":{"emulator":{"name":"functions"},"function":{"name":"us-central1-upscaleImage"},"extension":{},"message":"Finishing up request with event=finish"}}
[debug] [2025-01-01T22:15:13.959Z] Finishing up request with event=close {"metadata":{"emulator":{"name":"functions"},"function":{"name":"us-central1-upscaleImage"},"extension":{},"message":"Finishing up request with event=close"}}
[debug] [2025-01-01T22:15:13.959Z] [work-queue] {"queuedWork":[],"queueLength":0,"runningWork":[],"workRunningCount":0}
[info] >  {"severity":"INFO","message":"Client disconnected"} {"user":{"severity":"INFO","message":"Client disconnected"},"metadata":{"emulator":{"name":"functions"},"function":{"name":"us-central1-upscaleImage"},"extension":{},"message":"\u001b[90m> \u001b[39m {\"severity\":\"INFO\",\"message\":\"Client disconnected\"}"}}
[debug] [2025-01-01T22:15:45.424Z] [work-queue] {"queuedWork":["/upscale-ai-5fcd4/us-central1/upscaleImage-2025-01-01T22:15:45.424Z"],"queueLength":1,"runningWork":[],"workRunningCount":0}
[debug] [2025-01-01T22:15:45.424Z] [work-queue] {"queuedWork":[],"queueLength":0,"runningWork":["/upscale-ai-5fcd4/us-central1/upscaleImage-2025-01-01T22:15:45.424Z"],"workRunningCount":1}
[debug] [2025-01-01T22:15:45.424Z] Accepted request GET /upscale-ai-5fcd4/us-central1/upscaleImage --> us-central1-upscaleImage
[debug] [2025-01-01T22:15:45.429Z] [functions] Runtime ready! Sending request! {"metadata":{"emulator":{"name":"functions"},"message":"[functions] Runtime ready! Sending request!"}}
[debug] [2025-01-01T22:15:45.434Z] [functions] Got req.url=/upscale-ai-5fcd4/us-central1/upscaleImage, mapping to path=/ {"metadata":{"emulator":{"name":"functions"},"message":"[functions] Got req.url=/upscale-ai-5fcd4/us-central1/upscaleImage, mapping to path=/"}}
[debug] [2025-01-01T22:15:45.434Z] [worker-pool] submitRequest(triggerId=us-central1-upscaleImage) {"metadata":{"emulator":{"name":"functions"},"message":"[worker-pool] submitRequest(triggerId=us-central1-upscaleImage)"}}
[info] i  functions: Beginning execution of "us-central1-upscaleImage" {"metadata":{"emulator":{"name":"functions"},"function":{"name":"us-central1-upscaleImage"},"extension":{},"message":"Beginning execution of \"us-central1-upscaleImage\""}}
[debug] [2025-01-01T22:15:45.434Z] [worker-us-central1-upscaleImage-891a5279-2427-4a0b-bf5b-c46c1e912d1a]: BUSY {"metadata":{"emulator":{"name":"functions"},"function":{"name":"us-central1-upscaleImage"},"extension":{},"message":"[worker-us-central1-upscaleImage-891a5279-2427-4a0b-bf5b-c46c1e912d1a]: BUSY"}}
[info] >  {"severity":"INFO","message":"HTTP request received at /upscaleImage"} {"user":{"severity":"INFO","message":"HTTP request received at /upscaleImage"},"metadata":{"emulator":{"name":"functions"},"function":{"name":"us-central1-upscaleImage"},"extension":{},"message":"\u001b[90m> \u001b[39m {\"severity\":\"INFO\",\"message\":\"HTTP request received at /upscaleImage\"}"}}
[debug] [2025-01-01T22:15:45.437Z] Finishing up request with event=pause {"metadata":{"emulator":{"name":"functions"},"function":{"name":"us-central1-upscaleImage"},"extension":{},"message":"Finishing up request with event=pause"}}
[info] i  functions: Finished "us-central1-upscaleImage" in 2.541042ms {"metadata":{"emulator":{"name":"functions"},"function":{"name":"us-central1-upscaleImage"},"extension":{},"message":"Finished \"us-central1-upscaleImage\" in 2.541042ms"}}
[debug] [2025-01-01T22:15:45.437Z] [worker-us-central1-upscaleImage-891a5279-2427-4a0b-bf5b-c46c1e912d1a]: IDLE {"metadata":{"emulator":{"name":"functions"},"function":{"name":"us-central1-upscaleImage"},"extension":{},"message":"[worker-us-central1-upscaleImage-891a5279-2427-4a0b-bf5b-c46c1e912d1a]: IDLE"}}
[debug] [2025-01-01T22:15:45.437Z] Finishing up request with event=finish {"metadata":{"emulator":{"name":"functions"},"function":{"name":"us-central1-upscaleImage"},"extension":{},"message":"Finishing up request with event=finish"}}
[debug] [2025-01-01T22:15:45.437Z] Finishing up request with event=close {"metadata":{"emulator":{"name":"functions"},"function":{"name":"us-central1-upscaleImage"},"extension":{},"message":"Finishing up request with event=close"}}
[debug] [2025-01-01T22:15:45.437Z] [work-queue] {"queuedWork":[],"queueLength":0,"runningWork":[],"workRunningCount":0}
